[31Dec2024 00:01:07.894] [Server thread/WARN] [net.minecraft.world.level.chunk.LevelChunk/]: Tried to load a block entity for block Block{minecraft:fletching_table} but failed at location BlockPos{x=-459, y=-36, z=-603}
[31Dec2024 00:01:35.847] [Server thread/WARN] [net.minecraft.world.level.chunk.LevelChunk/]: Tried to load a block entity for block Block{minecraft:fletching_table} but failed at location BlockPos{x=-314, y=-7, z=-640}
[31Dec2024 00:02:05.747] [Server thread/WARN] [net.minecraft.world.level.chunk.LevelChunk/]: Tried to load a block entity for block Block{minecraft:fletching_table} but failed at location BlockPos{x=-84, y=-13, z=-667}
[31Dec2024 00:02:15.545] [Server thread/INFO] [net.minecraft.server.MinecraftServer/]: juandpl18 has reached the goal [Fortuitous Militia]
[31Dec2024 00:02:25.894] [Server thread/WARN] [net.minecraft.world.level.chunk.LevelChunk/]: Tried to load a block entity for block Block{minecraft:smithing_table} but failed at location BlockPos{x=47, y=-32, z=-662}
[31Dec2024 00:03:20.742] [Server thread/WARN] [net.minecraft.world.level.chunk.LevelChunk/]: Tried to load a block entity for block Block{minecraft:smithing_table} but failed at location BlockPos{x=-35, y=10, z=-677}
[31Dec2024 00:03:21.222] [Server thread/WARN] [net.minecraft.world.level.chunk.LevelChunk/]: Tried to load a block entity for block Block{minecraft:smithing_table} but failed at location BlockPos{x=-209, y=-38, z=-680}
[31Dec2024 00:03:32.123] [Server thread/WARN] [net.minecraft.world.level.chunk.LevelChunk/]: Tried to load a block entity for block Block{minecraft:smithing_table} but failed at location BlockPos{x=-81, y=-25, z=-696}
[31Dec2024 00:03:32.218] [Server thread/WARN] [net.minecraft.world.level.chunk.LevelChunk/]: Tried to load a block entity for block Block{minecraft:fletching_table} but failed at location BlockPos{x=-64, y=30, z=-701}
[31Dec2024 00:04:05.299] [Server thread/WARN] [net.minecraft.world.level.chunk.LevelChunk/]: Tried to load a block entity for block Block{minecraft:fletching_table} but failed at location BlockPos{x=65, y=-12, z=-504}
[31Dec2024 00:04:12.812] [Server thread/WARN] [net.minecraft.world.level.chunk.LevelChunk/]: Tried to load a block entity for block Block{minecraft:fletching_table} but failed at location BlockPos{x=83, y=4, z=-509}
[31Dec2024 00:04:12.814] [Server thread/WARN] [net.minecraft.world.level.chunk.LevelChunk/]: Tried to load a block entity for block Block{minecraft:smithing_table} but failed at location BlockPos{x=80, y=-8, z=-498}
[31Dec2024 00:04:23.595] [Server thread/WARN] [net.minecraft.world.level.chunk.LevelChunk/]: Tried to load a block entity for block Block{minecraft:smithing_table} but failed at location BlockPos{x=109, y=-16, z=-482}
[31Dec2024 00:04:37.356] [Server thread/INFO] [hordes/]: [net.smileycorp.hordes.hordeevent.capability.HordeEvent@195b0dde]Trying to start horde event on day 10 with nextDay 10 and time 18000
[31Dec2024 00:04:37.359] [Server thread/INFO] [hordes/]: Applying script hordes:default for event net.smileycorp.hordes.common.event.HordeBuildSpawnDataEvent@4c6d4750
[31Dec2024 00:04:37.362] [Server thread/INFO] [hordes/]: Adding entry HordeSpawnEntry[type=entity.minecraft.zombie,weight=35,minDay=0,maxDay=20] to hordespawn on day 0
[31Dec2024 00:04:37.363] [Server thread/INFO] [hordes/]: Adding entry HordeSpawnEntry[type=entity.minecraft.zombie_villager,weight=1,minDay=0,maxDay=20] to hordespawn on day 0
[31Dec2024 00:04:37.402] [Server thread/INFO] [hordes/]: Adding entry HordeSpawnEntry[type=entity.minecraft.zombie,weight=35,minDay=0,maxDay=20] to hordespawn on day 10
[31Dec2024 00:04:37.403] [Server thread/INFO] [hordes/]: Adding entry HordeSpawnEntry[type=entity.minecraft.zombie_villager,weight=1,minDay=0,maxDay=20] to hordespawn on day 10
[31Dec2024 00:05:07.925] [Server thread/INFO] [net.minecraft.server.MinecraftServer/]: juandpl18 has completed the challenge [Yo mama so fat, she digests her fetuses]
[31Dec2024 00:05:07.945] [Server thread/INFO] [net.minecraft.server.MinecraftServer/]: juandpl18 has made the advancement [First big catch of the month!]
[31Dec2024 00:05:27.396] [Server thread/INFO] [hordes/]: Adding entry HordeSpawnEntry[type=entity.minecraft.zombie,weight=35,minDay=0,maxDay=20] to hordespawn on day 10
[31Dec2024 00:05:27.396] [Server thread/INFO] [hordes/]: Adding entry HordeSpawnEntry[type=entity.minecraft.zombie_villager,weight=1,minDay=0,maxDay=20] to hordespawn on day 10
[31Dec2024 00:05:53.222] [Worker-Main-19/WARN] [net.minecraft.world.entity.EntityType/]: Skipping Entity with id 
[31Dec2024 00:06:17.406] [Server thread/INFO] [hordes/]: Adding entry HordeSpawnEntry[type=entity.minecraft.zombie,weight=35,minDay=0,maxDay=20] to hordespawn on day 10
[31Dec2024 00:06:17.407] [Server thread/INFO] [hordes/]: Adding entry HordeSpawnEntry[type=entity.minecraft.zombie_villager,weight=1,minDay=0,maxDay=20] to hordespawn on day 10
[31Dec2024 00:07:07.398] [Server thread/INFO] [hordes/]: Adding entry HordeSpawnEntry[type=entity.minecraft.zombie,weight=35,minDay=0,maxDay=20] to hordespawn on day 10
[31Dec2024 00:07:07.399] [Server thread/INFO] [hordes/]: Adding entry HordeSpawnEntry[type=entity.minecraft.zombie_villager,weight=1,minDay=0,maxDay=20] to hordespawn on day 10
[31Dec2024 00:07:57.400] [Server thread/INFO] [hordes/]: Adding entry HordeSpawnEntry[type=entity.minecraft.zombie,weight=35,minDay=0,maxDay=20] to hordespawn on day 10
[31Dec2024 00:07:57.401] [Server thread/INFO] [hordes/]: Adding entry HordeSpawnEntry[type=entity.minecraft.zombie_villager,weight=1,minDay=0,maxDay=20] to hordespawn on day 10
[31Dec2024 00:08:47.396] [Server thread/INFO] [hordes/]: Adding entry HordeSpawnEntry[type=entity.minecraft.zombie,weight=35,minDay=0,maxDay=20] to hordespawn on day 10
[31Dec2024 00:08:47.397] [Server thread/INFO] [hordes/]: Adding entry HordeSpawnEntry[type=entity.minecraft.zombie_villager,weight=1,minDay=0,maxDay=20] to hordespawn on day 10
[31Dec2024 00:14:04.808] [Server thread/WARN] [net.minecraft.world.level.chunk.LevelChunk/]: Tried to load a block entity for block Block{minecraft:smithing_table} but failed at location BlockPos{x=-570, y=-23, z=-449}
[31Dec2024 00:14:06.041] [Server thread/WARN] [net.minecraft.world.level.chunk.LevelChunk/]: Tried to load a block entity for block Block{minecraft:smithing_table} but failed at location BlockPos{x=-572, y=-17, z=-487}
[31Dec2024 00:14:06.443] [Server thread/WARN] [net.minecraft.world.level.chunk.LevelChunk/]: Tried to load a block entity for block Block{minecraft:fletching_table} but failed at location BlockPos{x=-591, y=-18, z=-496}
[31Dec2024 00:15:12.495] [Server thread/WARN] [net.minecraft.world.level.chunk.LevelChunk/]: Tried to load a block entity for block Block{minecraft:smithing_table} but failed at location BlockPos{x=-618, y=-13, z=-294}
[31Dec2024 00:16:02.345] [Server thread/INFO] [net.minecraft.server.MinecraftServer/]: juandpl18 has made the advancement [Clash of the Titans]
[31Dec2024 00:16:17.800] [Server thread/WARN] [net.minecraft.world.level.chunk.LevelChunk/]: Tried to load a block entity for block Block{minecraft:smithing_table} but failed at location BlockPos{x=-482, y=-13, z=-595}
[31Dec2024 00:19:22.039] [Server thread/WARN] [net.minecraft.world.level.chunk.LevelChunk/]: Tried to load a block entity for block Block{minecraft:smithing_table} but failed at location BlockPos{x=-148, y=-22, z=721}
[31Dec2024 00:19:36.892] [Server thread/WARN] [net.minecraft.world.level.chunk.LevelChunk/]: Tried to load a block entity for block Block{minecraft:smithing_table} but failed at location BlockPos{x=10, y=-21, z=610}
[31Dec2024 00:19:39.294] [Server thread/WARN] [net.minecraft.world.level.chunk.LevelChunk/]: Tried to load a block entity for block Block{minecraft:fletching_table} but failed at location BlockPos{x=-68, y=-25, z=793}
[31Dec2024 00:19:41.844] [Server thread/WARN] [net.minecraft.world.level.chunk.LevelChunk/]: Tried to load a block entity for block Block{minecraft:smithing_table} but failed at location BlockPos{x=-39, y=-21, z=813}
[31Dec2024 00:19:45.242] [Server thread/WARN] [net.minecraft.world.level.chunk.LevelChunk/]: Tried to load a block entity for block Block{minecraft:smithing_table} but failed at location BlockPos{x=-102, y=1, z=825}
[31Dec2024 00:20:01.600] [Server thread/WARN] [net.minecraft.world.level.chunk.LevelChunk/]: Tried to load a block entity for block Block{minecraft:fletching_table} but failed at location BlockPos{x=33, y=18, z=642}
[31Dec2024 00:20:03.193] [Server thread/WARN] [net.minecraft.world.level.chunk.LevelChunk/]: Tried to load a block entity for block Block{minecraft:smithing_table} but failed at location BlockPos{x=-67, y=-54, z=890}
[31Dec2024 00:20:05.341] [Server thread/WARN] [net.minecraft.world.level.chunk.LevelChunk/]: Tried to load a block entity for block Block{minecraft:fletching_table} but failed at location BlockPos{x=-86, y=-21, z=907}
[31Dec2024 00:20:10.754] [Server thread/WARN] [net.minecraft.world.level.chunk.LevelChunk/]: Tried to load a block entity for block Block{minecraft:smithing_table} but failed at location BlockPos{x=-30, y=-16, z=928}
[31Dec2024 00:20:13.650] [Server thread/WARN] [net.minecraft.world.level.chunk.LevelChunk/]: Tried to load a block entity for block Block{minecraft:fletching_table} but failed at location BlockPos{x=-56, y=-30, z=959}
[31Dec2024 00:20:22.592] [Server thread/WARN] [net.minecraft.world.level.chunk.LevelChunk/]: Tried to load a block entity for block Block{minecraft:smithing_table} but failed at location BlockPos{x=-114, y=-34, z=979}
[31Dec2024 00:20:22.672] [Server thread/WARN] [net.minecraft.world.level.chunk.LevelChunk/]: Tried to load a block entity for block Block{minecraft:fletching_table} but failed at location BlockPos{x=14, y=12, z=979}
[31Dec2024 00:21:01.596] [Server thread/WARN] [net.minecraft.world.level.chunk.LevelChunk/]: Tried to load a block entity for block Block{minecraft:smithing_table} but failed at location BlockPos{x=-20, y=-1, z=1085}
[31Dec2024 00:21:32.742] [Server thread/WARN] [net.minecraft.world.level.chunk.LevelChunk/]: Tried to load a block entity for block Block{minecraft:fletching_table} but failed at location BlockPos{x=61, y=-11, z=1013}
[31Dec2024 00:22:14.648] [Server thread/INFO] [net.minecraft.server.MinecraftServer/]: juandpl18 has completed the challenge [Well, that was disgusting]
[31Dec2024 00:22:16.849] [Server thread/INFO] [net.minecraft.server.MinecraftServer/]: juandpl18 has made the advancement [Dark Metallurgy]
[31Dec2024 00:23:25.500] [Server thread/WARN] [net.minecraft.world.level.chunk.LevelChunk/]: Tried to load a block entity for block Block{minecraft:smithing_table} but failed at location BlockPos{x=76, y=63, z=1029}
[31Dec2024 00:23:50.817] [Worker-Main-11/WARN] [com.finndog.mvs.MVSCommon/]: Moog's Voyager Structures: Empty or nonexistent pool: mvs:farm/side_pool which is being called from mvs:other_decoration/wooden_wheat_farm
